Program
    Block
        Variables
            VariableDeclaration
        Procedures
            ProcedureDeclaration
                FormalParameters
                    VariableDeclaration
                    VariableDeclaration
                Block
                    Procedures
                        ProcedureDeclaration
                            FormalParameters
                                VariableDeclaration
                            Block
                                Statement
                                    AssignmentStatement
                                        Expression
                                            Term
                                                Factor
                                                Term
                                                    Factor
                    Statement
                        CallStatement
                            ActualParameters
                                Expression
                                    Term
                                        Factor
        Statement
            CompoundStatement
                Statement
                    CallStatement
                        ActualParameters
                            Expression
                                Term
                                    Factor
Error: unexpected token 'x'
